[Fri Jun  5 10:46:56 2026] INFO: request:GET /index.html HTTP/1.0**Host: 127.0.0.1**User-Agent: http_load 09Mar2016****:1
[Fri Jun  5 10:46:56 2026] INFO: SEND:index.html:1
[Fri Jun  5 10:46:56 2026] INFO: Header:HTTP/1.1 200 OK
Server: nweb/23.0
Content-Length: 239
Connection: close
Content-Type: text/html

:1
[Fri Jun  5 10:46:57 2026] INFO: request:GET /index.html HTTP/1.0**Host: 127.0.0.1**User-Agent: http_load 09Mar2016****:2
[Fri Jun  5 10:46:57 2026] INFO: SEND:index.html:2
[Fri Jun  5 10:46:57 2026] INFO: Header:HTTP/1.1 200 OK
Server: nweb/23.0
Content-Length: 239
Connection: close
Content-Type: text/html

:2
[Fri Jun  5 10:46:58 2026] INFO: request:GET /index.html HTTP/1.0**Host: 127.0.0.1**User-Agent: http_load 09Mar2016****:3
[Fri Jun  5 10:46:58 2026] INFO: SEND:index.html:3
[Fri Jun  5 10:46:58 2026] INFO: Header:HTTP/1.1 200 OK
Server: nweb/23.0
Content-Length: 239
Connection: close
Content-Type: text/html

:3
[Fri Jun  5 10:46:59 2026] INFO: request:GET /index.html HTTP/1.0**Host: 127.0.0.1**User-Agent: http_load 09Mar2016****:4
[Fri Jun  5 10:46:59 2026] INFO: SEND:index.html:4
[Fri Jun  5 10:46:59 2026] INFO: Header:HTTP/1.1 200 OK
Server: nweb/23.0
Content-Length: 239
Connection: close
Content-Type: text/html

:4
[Fri Jun  5 10:47:00 2026] INFO: request:GET /index.html HTTP/1.0**Host: 127.0.0.1**User-Agent: http_load 09Mar2016****:5
[Fri Jun  5 10:47:00 2026] INFO: SEND:index.html:5
[Fri Jun  5 10:47:00 2026] INFO: Header:HTTP/1.1 200 OK
Server: nweb/23.0
Content-Length: 239
Connection: close
Content-Type: text/html

:5
[Fri Jun  5 10:47:01 2026] INFO: request:GET /index.html HTTP/1.0**Host: 127.0.0.1**User-Agent: http_load 09Mar2016****:6
[Fri Jun  5 10:47:01 2026] INFO: SEND:index.html:6
[Fri Jun  5 10:47:01 2026] INFO: Header:HTTP/1.1 200 OK
Server: nweb/23.0
Content-Length: 239
Connection: close
Content-Type: text/html

:6
[Fri Jun  5 10:47:02 2026] INFO: request:GET /index.html HTTP/1.0**Host: 127.0.0.1**User-Agent: http_load 09Mar2016****:7
[Fri Jun  5 10:47:02 2026] INFO: SEND:index.html:7
[Fri Jun  5 10:47:02 2026] INFO: Header:HTTP/1.1 200 OK
Server: nweb/23.0
Content-Length: 239
Connection: close
Content-Type: text/html

:7
[Fri Jun  5 10:47:03 2026] INFO: request:GET /index.html HTTP/1.0**Host: 127.0.0.1**User-Agent: http_load 09Mar2016****:8
[Fri Jun  5 10:47:03 2026] INFO: SEND:index.html:8
[Fri Jun  5 10:47:03 2026] INFO: Header:HTTP/1.1 200 OK
Server: nweb/23.0
Content-Length: 239
Connection: close
Content-Type: text/html

:8
[Fri Jun  5 10:47:04 2026] INFO: request:GET /index.html HTTP/1.0**Host: 127.0.0.1**User-Agent: http_load 09Mar2016****:9
[Fri Jun  5 10:47:04 2026] INFO: SEND:index.html:9
[Fri Jun  5 10:47:04 2026] INFO: Header:HTTP/1.1 200 OK
Server: nweb/23.0
Content-Length: 239
Connection: close
Content-Type: text/html

:9
[Fri Jun  5 10:47:05 2026] INFO: request:GET /index.html HTTP/1.0**Host: 127.0.0.1**User-Agent: http_load 09Mar2016****:10
[Fri Jun  5 10:47:05 2026] INFO: SEND:index.html:10
[Fri Jun  5 10:47:05 2026] INFO: Header:HTTP/1.1 200 OK
Server: nweb/23.0
Content-Length: 239
Connection: close
Content-Type: text/html

:10
[Fri Jun  5 10:47:06 2026] INFO: request:GET /index.html HTTP/1.0**Host: 127.0.0.1**User-Agent: http_load 09Mar2016****:11
[Fri Jun  5 10:47:06 2026] INFO: SEND:index.html:11
[Fri Jun  5 10:47:06 2026] INFO: Header:HTTP/1.1 200 OK
Server: nweb/23.0
Content-Length: 239
Connection: close
Content-Type: text/html

:11
[Fri Jun  5 10:47:07 2026] INFO: request:GET /index.html HTTP/1.0**Host: 127.0.0.1**User-Agent: http_load 09Mar2016****:12
[Fri Jun  5 10:47:07 2026] INFO: SEND:index.html:12
[Fri Jun  5 10:47:07 2026] INFO: Header:HTTP/1.1 200 OK
Server: nweb/23.0
Content-Length: 239
Connection: close
Content-Type: text/html

:12
[Fri Jun  5 10:47:08 2026] INFO: request:GET /index.html HTTP/1.0**Host: 127.0.0.1**User-Agent: http_load 09Mar2016****:13
[Fri Jun  5 10:47:08 2026] INFO: SEND:index.html:13
[Fri Jun  5 10:47:08 2026] INFO: Header:HTTP/1.1 200 OK
Server: nweb/23.0
Content-Length: 239
Connection: close
Content-Type: text/html

:13
[Fri Jun  5 10:47:09 2026] INFO: request:GET /index.html HTTP/1.0**Host: 127.0.0.1**User-Agent: http_load 09Mar2016****:14
[Fri Jun  5 10:47:09 2026] INFO: SEND:index.html:14
[Fri Jun  5 10:47:09 2026] INFO: Header:HTTP/1.1 200 OK
Server: nweb/23.0
Content-Length: 239
Connection: close
Content-Type: text/html

:14
[Fri Jun  5 10:47:10 2026] INFO: request:GET /index.html HTTP/1.0**Host: 127.0.0.1**User-Agent: http_load 09Mar2016****:15
[Fri Jun  5 10:47:10 2026] INFO: SEND:index.html:15
[Fri Jun  5 10:47:10 2026] INFO: Header:HTTP/1.1 200 OK
Server: nweb/23.0
Content-Length: 239
Connection: close
Content-Type: text/html

:15
[Fri Jun  5 10:47:11 2026] INFO: request:GET /index.html HTTP/1.0**Host: 127.0.0.1**User-Agent: http_load 09Mar2016****:16
[Fri Jun  5 10:47:11 2026] INFO: SEND:index.html:16
[Fri Jun  5 10:47:11 2026] INFO: Header:HTTP/1.1 200 OK
Server: nweb/23.0
Content-Length: 239
Connection: close
Content-Type: text/html

:16
[Fri Jun  5 10:47:12 2026] INFO: request:GET /index.html HTTP/1.0**Host: 127.0.0.1**User-Agent: http_load 09Mar2016****:17
[Fri Jun  5 10:47:12 2026] INFO: SEND:index.html:17
[Fri Jun  5 10:47:12 2026] INFO: Header:HTTP/1.1 200 OK
Server: nweb/23.0
Content-Length: 239
Connection: close
Content-Type: text/html

:17
[Fri Jun  5 10:47:13 2026] INFO: request:GET /index.html HTTP/1.0**Host: 127.0.0.1**User-Agent: http_load 09Mar2016****:18
[Fri Jun  5 10:47:13 2026] INFO: SEND:index.html:18
[Fri Jun  5 10:47:13 2026] INFO: Header:HTTP/1.1 200 OK
Server: nweb/23.0
Content-Length: 239
Connection: close
Content-Type: text/html

:18
[Fri Jun  5 10:47:14 2026] INFO: request:GET /index.html HTTP/1.0**Host: 127.0.0.1**User-Agent: http_load 09Mar2016****:19
[Fri Jun  5 10:47:14 2026] INFO: SEND:index.html:19
[Fri Jun  5 10:47:14 2026] INFO: Header:HTTP/1.1 200 OK
Server: nweb/23.0
Content-Length: 239
Connection: close
Content-Type: text/html

:19
[Fri Jun  5 10:47:15 2026] INFO: request:GET /index.html HTTP/1.0**Host: 127.0.0.1**User-Agent: http_load 09Mar2016****:20
[Fri Jun  5 10:47:15 2026] INFO: SEND:index.html:20
[Fri Jun  5 10:47:15 2026] INFO: Header:HTTP/1.1 200 OK
Server: nweb/23.0
Content-Length: 239
Connection: close
Content-Type: text/html

:20
[Fri Jun  5 10:47:16 2026] INFO: request:GET /index.html HTTP/1.0**Host: 127.0.0.1**User-Agent: http_load 09Mar2016****:21
[Fri Jun  5 10:47:16 2026] INFO: SEND:index.html:21
[Fri Jun  5 10:47:16 2026] INFO: Header:HTTP/1.1 200 OK
Server: nweb/23.0
Content-Length: 239
Connection: close
Content-Type: text/html

:21
